{
  "stats": {
    "suites": 1,
    "tests": 10,
    "passes": 10,
    "pending": 0,
    "failures": 0,
    "start": "2022-09-28T12:35:57.538Z",
    "end": "2022-09-28T12:40:12.237Z",
    "duration": 254699,
    "testsRegistered": 10,
    "passPercent": 100,
    "pendingPercent": 0,
    "other": 0,
    "hasOther": false,
    "skipped": 0,
    "hasSkipped": false
  },
  "results": [
    {
      "uuid": "f961e981-61eb-417f-9356-a650d3b50c78",
      "title": "",
      "fullFile": "cypress\\e2e\\test\\Suites\\GX-726\\bookStoreApplications.Register.cy.js",
      "file": "cypress\\e2e\\test\\Suites\\GX-726\\bookStoreApplications.Register.cy.js",
      "beforeHooks": [],
      "afterHooks": [],
      "tests": [],
      "suites": [
        {
          "uuid": "01e1b697-5e77-4c65-b418-6a8e24f1c640",
          "title": "US GX-726 | ToolsQA | Book Store Applications | Register",
          "fullFile": "",
          "file": "",
          "beforeHooks": [],
          "afterHooks": [],
          "tests": [
            {
              "title": "US-GX-726 | TS-727 | TC1:  Validar registrar usuario con credenciales válidas",
              "fullTitle": "US GX-726 | ToolsQA | Book Store Applications | Register US-GX-726 | TS-727 | TC1:  Validar registrar usuario con credenciales válidas",
              "timedOut": null,
              "duration": 34738,
              "state": "passed",
              "speed": "slow",
              "pass": true,
              "fail": false,
              "pending": false,
              "context": null,
              "code": "import_registerPage.default.typeFirstname(the.firstname);\nimport_registerPage.default.typeLastname(the.lastname);\nimport_registerPage.default.typeUsername(import_registerPage.default.getUsername());\nimport_registerPage.default.typePassword(the.validPassword);\ncy.confirmCaptcha();\ncy.wait(time);\nimport_registerPage.default.elements.registerBtn().click();\ncy.on(\"window:alert\", (str) => {\n  expect(str).to.equal(\"User Register Successfully.\");\n});",
              "err": {},
              "uuid": "bfa4560b-e550-41e8-b018-a11942acbec4",
              "parentUUID": "01e1b697-5e77-4c65-b418-6a8e24f1c640",
              "isHook": false,
              "skipped": false
            },
            {
              "title": "US-GX-726 | TS-727 | TC2:  Validar mensaje “please verify reCaptcha to register” al registrar usuario sin hacer click en el Captcha",
              "fullTitle": "US GX-726 | ToolsQA | Book Store Applications | Register US-GX-726 | TS-727 | TC2:  Validar mensaje “please verify reCaptcha to register” al registrar usuario sin hacer click en el Captcha",
              "timedOut": null,
              "duration": 15970,
              "state": "passed",
              "speed": "slow",
              "pass": true,
              "fail": false,
              "pending": false,
              "context": null,
              "code": "import_registerPage.default.typeFirstname(the.firstname);\nimport_registerPage.default.typeLastname(the.lastname);\nimport_registerPage.default.typeUsername(the.username);\nimport_registerPage.default.typePassword(the.validPassword);\nimport_registerPage.default.elements.registerBtn().click();\nimport_registerPage.default.elements.message().should(\"be.visible\").and(\"have.text\", \"Please verify reCaptcha to register!\");",
              "err": {},
              "uuid": "08df6152-87cb-4dc8-b0cb-5548f75f12e7",
              "parentUUID": "01e1b697-5e77-4c65-b418-6a8e24f1c640",
              "isHook": false,
              "skipped": false
            },
            {
              "title": "US-GX-726 | TS-727 | TC3:  Validar que no permita registrar usuario al dejar el input “UserName” vacío",
              "fullTitle": "US GX-726 | ToolsQA | Book Store Applications | Register US-GX-726 | TS-727 | TC3:  Validar que no permita registrar usuario al dejar el input “UserName” vacío",
              "timedOut": null,
              "duration": 33825,
              "state": "passed",
              "speed": "slow",
              "pass": true,
              "fail": false,
              "pending": false,
              "context": null,
              "code": "import_registerPage.default.typeFirstname(the.firstname);\nimport_registerPage.default.typeLastname(the.lastname);\nimport_registerPage.default.typePassword(the.validPassword);\ncy.confirmCaptcha();\ncy.wait(time);\nimport_registerPage.default.elements.registerBtn().click();\nimport_registerPage.default.elements.username_input().should(\"not.have.value\").and(\"have.css\", \"border-color\", the.redColor);",
              "err": {},
              "uuid": "a13ef3a3-71e0-458e-919b-37518a73ca63",
              "parentUUID": "01e1b697-5e77-4c65-b418-6a8e24f1c640",
              "isHook": false,
              "skipped": false
            },
            {
              "title": "US-GX-726 | TS-727 | TC4: Validar comportamiento de los inputs “Fisrt Name” , “Last Name”, “Username”, “Password” al registrar usuario con campos vacíos",
              "fullTitle": "US GX-726 | ToolsQA | Book Store Applications | Register US-GX-726 | TS-727 | TC4: Validar comportamiento de los inputs “Fisrt Name” , “Last Name”, “Username”, “Password” al registrar usuario con campos vacíos",
              "timedOut": null,
              "duration": 29174,
              "state": "passed",
              "speed": "slow",
              "pass": true,
              "fail": false,
              "pending": false,
              "context": null,
              "code": "cy.confirmCaptcha();\ncy.wait(time);\nimport_registerPage.default.elements.registerBtn().click();\nimport_registerPage.default.elements.firstname_input().should(\"not.have.value\").and(\"have.css\", \"border-color\", the.redColor);\nimport_registerPage.default.elements.lastname_input().should(\"not.have.value\").and(\"have.css\", \"border-color\", the.redColor);\nimport_registerPage.default.elements.username_input().should(\"not.have.value\").and(\"have.css\", \"border-color\", the.redColor);\nimport_registerPage.default.elements.password_input().should(\"not.have.value\").and(\"have.css\", \"border-color\", the.redColor);",
              "err": {},
              "uuid": "58c6640d-4c0d-4955-9258-a978eb74d70d",
              "parentUUID": "01e1b697-5e77-4c65-b418-6a8e24f1c640",
              "isHook": false,
              "skipped": false
            },
            {
              "title": "US-GX-726 | TS-727 | TC5:  Validar que no permita registrar usuario con Password de menos de 8 caracteres",
              "fullTitle": "US GX-726 | ToolsQA | Book Store Applications | Register US-GX-726 | TS-727 | TC5:  Validar que no permita registrar usuario con Password de menos de 8 caracteres",
              "timedOut": null,
              "duration": 24443,
              "state": "passed",
              "speed": "slow",
              "pass": true,
              "fail": false,
              "pending": false,
              "context": null,
              "code": "import_registerPage.default.typeFirstname(the.firstname);\nimport_registerPage.default.typeLastname(the.lastname);\nimport_registerPage.default.typeUsername(the.username);\nimport_registerPage.default.typePassword(\"Az5#\");\nimport_registerPage.default.elements.password_input().should(\"have.lengthOf.lessThan\", 8);\ncy.confirmCaptcha();\ncy.wait(time);\nimport_registerPage.default.elements.registerBtn().click();\nimport_registerPage.default.elements.message().should(\"be.visible\").and(\"have.text\", the.invalidPasswordMessage);",
              "err": {},
              "uuid": "f0ffd994-96d5-4ee5-8d0d-ce976dc685fe",
              "parentUUID": "01e1b697-5e77-4c65-b418-6a8e24f1c640",
              "isHook": false,
              "skipped": false
            },
            {
              "title": "US-GX-726 | TS-727 | TC6:  Validar que no permita registrar usuario con Password sin un carácter en mayúscula (A-Z)",
              "fullTitle": "US GX-726 | ToolsQA | Book Store Applications | Register US-GX-726 | TS-727 | TC6:  Validar que no permita registrar usuario con Password sin un carácter en mayúscula (A-Z)",
              "timedOut": null,
              "duration": 26675,
              "state": "passed",
              "speed": "slow",
              "pass": true,
              "fail": false,
              "pending": false,
              "context": null,
              "code": "import_registerPage.default.typeFirstname(the.firstname);\nimport_registerPage.default.typeLastname(the.lastname);\nimport_registerPage.default.typeUsername(the.username);\nimport_registerPage.default.typePassword(\"ilovetesting1#\");\ncy.confirmCaptcha();\ncy.wait(time);\nimport_registerPage.default.elements.registerBtn().click();\nimport_registerPage.default.elements.message().should(\"be.visible\").and(\"have.text\", the.invalidPasswordMessage);",
              "err": {},
              "uuid": "986c46e6-4237-494f-8c28-2c10246be7b4",
              "parentUUID": "01e1b697-5e77-4c65-b418-6a8e24f1c640",
              "isHook": false,
              "skipped": false
            },
            {
              "title": "US-GX-726 | TS-727 | TC7: Validar que no permita registrar usuario con Password sin un carácter en minúscula (a-z)",
              "fullTitle": "US GX-726 | ToolsQA | Book Store Applications | Register US-GX-726 | TS-727 | TC7: Validar que no permita registrar usuario con Password sin un carácter en minúscula (a-z)",
              "timedOut": null,
              "duration": 24698,
              "state": "passed",
              "speed": "slow",
              "pass": true,
              "fail": false,
              "pending": false,
              "context": null,
              "code": "import_registerPage.default.typeFirstname(the.firstname);\nimport_registerPage.default.typeLastname(the.lastname);\nimport_registerPage.default.typeUsername(the.username);\nimport_registerPage.default.typePassword(\"PRUEBA123#\");\ncy.confirmCaptcha();\ncy.wait(time);\nimport_registerPage.default.elements.registerBtn().click();\nimport_registerPage.default.elements.message().should(\"be.visible\").and(\"have.text\", the.invalidPasswordMessage);",
              "err": {},
              "uuid": "e252ca36-241a-4db5-a57d-d72069371963",
              "parentUUID": "01e1b697-5e77-4c65-b418-6a8e24f1c640",
              "isHook": false,
              "skipped": false
            },
            {
              "title": "US-GX-726 | TS-727 | TC8: Validar que no permita registrar usuario con Password sin un carácter especial (!@#$*=+)",
              "fullTitle": "US GX-726 | ToolsQA | Book Store Applications | Register US-GX-726 | TS-727 | TC8: Validar que no permita registrar usuario con Password sin un carácter especial (!@#$*=+)",
              "timedOut": null,
              "duration": 27162,
              "state": "passed",
              "speed": "slow",
              "pass": true,
              "fail": false,
              "pending": false,
              "context": null,
              "code": "import_registerPage.default.typeFirstname(the.firstname);\nimport_registerPage.default.typeLastname(the.lastname);\nimport_registerPage.default.typeUsername(the.username);\nimport_registerPage.default.typePassword(\"Master123\");\ncy.confirmCaptcha();\ncy.wait(time);\nimport_registerPage.default.elements.registerBtn().click();\nimport_registerPage.default.elements.message().should(\"be.visible\").and(\"have.text\", the.invalidPasswordMessage);",
              "err": {},
              "uuid": "5aebfbef-8100-4e0f-98c4-e488dee2ae34",
              "parentUUID": "01e1b697-5e77-4c65-b418-6a8e24f1c640",
              "isHook": false,
              "skipped": false
            },
            {
              "title": "US-GX-726 | TS-727 | TC9:  Validar que no permita registrar usuario previamente registrado",
              "fullTitle": "US GX-726 | ToolsQA | Book Store Applications | Register US-GX-726 | TS-727 | TC9:  Validar que no permita registrar usuario previamente registrado",
              "timedOut": null,
              "duration": 23706,
              "state": "passed",
              "speed": "slow",
              "pass": true,
              "fail": false,
              "pending": false,
              "context": null,
              "code": "import_registerPage.default.typeFirstname(the.firstname);\nimport_registerPage.default.typeLastname(the.lastname);\nimport_registerPage.default.typeUsername(the.registeredUser);\nimport_registerPage.default.typePassword(the.validPassword);\ncy.confirmCaptcha();\ncy.wait(time);\nimport_registerPage.default.elements.registerBtn().click();\nimport_registerPage.default.elements.message().should(\"be.visible\").and(\"have.text\", \"User exists!\");",
              "err": {},
              "uuid": "0dfe825b-0e84-4df5-8a63-00720bce7c0c",
              "parentUUID": "01e1b697-5e77-4c65-b418-6a8e24f1c640",
              "isHook": false,
              "skipped": false
            },
            {
              "title": "US-GX-726 | TS-727 | TC10: Validar ir a la pagina de Login",
              "fullTitle": "US GX-726 | ToolsQA | Book Store Applications | Register US-GX-726 | TS-727 | TC10: Validar ir a la pagina de Login",
              "timedOut": null,
              "duration": 11118,
              "state": "passed",
              "speed": "slow",
              "pass": true,
              "fail": false,
              "pending": false,
              "context": null,
              "code": "import_registerPage.default.elements.backToLoginBtn().click();\ncy.url().should(\"contain\", \"/login\");\nimport_loginPage.default.elements.loginHeading().should(\"be.visible\").and(\"have.text\", \"Login\");",
              "err": {},
              "uuid": "41ebaeb7-cb7d-45fe-b58c-14d045e10112",
              "parentUUID": "01e1b697-5e77-4c65-b418-6a8e24f1c640",
              "isHook": false,
              "skipped": false
            }
          ],
          "suites": [],
          "passes": [
            "bfa4560b-e550-41e8-b018-a11942acbec4",
            "08df6152-87cb-4dc8-b0cb-5548f75f12e7",
            "a13ef3a3-71e0-458e-919b-37518a73ca63",
            "58c6640d-4c0d-4955-9258-a978eb74d70d",
            "f0ffd994-96d5-4ee5-8d0d-ce976dc685fe",
            "986c46e6-4237-494f-8c28-2c10246be7b4",
            "e252ca36-241a-4db5-a57d-d72069371963",
            "5aebfbef-8100-4e0f-98c4-e488dee2ae34",
            "0dfe825b-0e84-4df5-8a63-00720bce7c0c",
            "41ebaeb7-cb7d-45fe-b58c-14d045e10112"
          ],
          "failures": [],
          "pending": [],
          "skipped": [],
          "duration": 251509,
          "root": false,
          "rootEmpty": false,
          "_timeout": 2000
        }
      ],
      "passes": [],
      "failures": [],
      "pending": [],
      "skipped": [],
      "duration": 0,
      "root": true,
      "rootEmpty": true,
      "_timeout": 2000
    }
  ],
  "meta": {
    "mocha": {
      "version": "7.0.1"
    },
    "mochawesome": {
      "options": {
        "quiet": false,
        "reportFilename": "mochawesome",
        "saveHtml": true,
        "saveJson": true,
        "consoleReporter": "spec",
        "useInlineDiffs": false,
        "code": true
      },
      "version": "7.1.3"
    },
    "marge": {
      "options": {
        "mochaFile": "reports/test-results.xml",
        "toConsole": true,
        "outputs": true,
        "testCaseSwitchClassnameAndName": true
      },
      "version": "6.2.0"
    }
  }
}