{
  "stats": {
    "suites": 1,
    "tests": 2,
    "passes": 2,
    "pending": 0,
    "failures": 0,
    "start": "2022-10-07T23:45:03.097Z",
    "end": "2022-10-07T23:45:17.735Z",
    "duration": 14638,
    "testsRegistered": 2,
    "passPercent": 100,
    "pendingPercent": 0,
    "other": 0,
    "hasOther": false,
    "skipped": 0,
    "hasSkipped": false
  },
  "results": [
    {
      "uuid": "37fb91ba-b054-40b4-8779-edb66ef53ff6",
      "title": "",
      "fullFile": "cypress\\e2e\\test\\Suites\\GX-1019\\ToolsQA.Elements.UploadAndDownload.cy.js",
      "file": "cypress\\e2e\\test\\Suites\\GX-1019\\ToolsQA.Elements.UploadAndDownload.cy.js",
      "beforeHooks": [],
      "afterHooks": [],
      "tests": [],
      "suites": [
        {
          "uuid": "6239ef30-d711-4cb6-893c-ec56cfb4c67d",
          "title": "ToolsQA | Elements | Upload and Download",
          "fullFile": "",
          "file": "",
          "beforeHooks": [],
          "afterHooks": [],
          "tests": [
            {
              "title": "US-1019 | TS-1026 | TC1: Validate the download of a file in the PC download folder, when we select the 'download' button",
              "fullTitle": "ToolsQA | Elements | Upload and Download US-1019 | TS-1026 | TC1: Validate the download of a file in the PC download folder, when we select the 'download' button",
              "timedOut": null,
              "duration": 9137,
              "state": "passed",
              "speed": "medium",
              "pass": true,
              "fail": false,
              "pending": false,
              "context": null,
              "code": "cy.get(the.downloadButton).click({ force: true });\ncy.verifyDownload(the.nameFile);",
              "err": {},
              "uuid": "656ee8a2-d382-4a4a-9022-506224f3a79e",
              "parentUUID": "6239ef30-d711-4cb6-893c-ec56cfb4c67d",
              "isHook": false,
              "skipped": false
            },
            {
              "title": "US-1019 | TS-1026 | TC2: Validate loading a file in the pc explorer when the 'choose file' button is selected",
              "fullTitle": "ToolsQA | Elements | Upload and Download US-1019 | TS-1026 | TC2: Validate loading a file in the pc explorer when the 'choose file' button is selected",
              "timedOut": null,
              "duration": 5467,
              "state": "passed",
              "speed": "medium",
              "pass": true,
              "fail": false,
              "pending": false,
              "context": null,
              "code": "cy.get(the.uploadFile).selectFile(the.nameUploadfile);\ncy.get(\"[download='sampleFile.jpeg']\").should(\"be.visible\");",
              "err": {},
              "uuid": "a8bdca3c-ea44-47f3-9b95-44da06c6901a",
              "parentUUID": "6239ef30-d711-4cb6-893c-ec56cfb4c67d",
              "isHook": false,
              "skipped": false
            }
          ],
          "suites": [],
          "passes": [
            "656ee8a2-d382-4a4a-9022-506224f3a79e",
            "a8bdca3c-ea44-47f3-9b95-44da06c6901a"
          ],
          "failures": [],
          "pending": [],
          "skipped": [],
          "duration": 14604,
          "root": false,
          "rootEmpty": false,
          "_timeout": 2000
        }
      ],
      "passes": [],
      "failures": [],
      "pending": [],
      "skipped": [],
      "duration": 0,
      "root": true,
      "rootEmpty": true,
      "_timeout": 2000
    }
  ],
  "meta": {
    "mocha": {
      "version": "7.0.1"
    },
    "mochawesome": {
      "options": {
        "quiet": false,
        "reportFilename": "mochawesome",
        "saveHtml": true,
        "saveJson": true,
        "consoleReporter": "spec",
        "useInlineDiffs": false,
        "code": true
      },
      "version": "7.1.3"
    },
    "marge": {
      "options": {
        "mochaFile": "reports/test-results.xml",
        "toConsole": true,
        "outputs": true,
        "testCaseSwitchClassnameAndName": true
      },
      "version": "6.2.0"
    }
  }
}